[AOBJECTS]
124=186
201=103
335=64
98=130
1100=10
244=68
719=14
156=124
673=24
99=220
100=192
558=10
101=191
102=123
1175=8
1176=9
610=17
1096=7
1097=10
569=51
1179=9
1180=9
837=4
103=149
397=78
512=103
1059=4
1067=5
1086=10
469=92
1103=8
588=19
97=140
166=115
589=37
526=189
104=143
582=40
339=64
343=61
1068=5
1153=9
1170=5
1197=6
173=144
1526=3
176=154
177=113
249=65
1177=7
538=50
200=120
182=121
564=37
1181=9
105=141
11=132
10=132
106=157
764=12
703=14
1178=7
1184=9
365=56
364=47
379=57
378=23
355=59
354=24
587=17
828=13
440=77
826=15
825=10
624=15
371=80
1061=4
1127=5
716=6
389=59
388=56
1510=4
338=60
845=8
1090=4
1089=11
1091=11
720=13
721=15
597=37
600=6
601=6
599=3
598=5
1065=4
437=50
132=210
393=52
392=47
131=172
107=137
390=46
386=48
194=171
391=69
367=54
1550=4
394=66
1062=4
396=49
1092=9
434=71
468=65
613=4
1093=9
348=61
1172=6
443=72
1071=5
356=53
387=59
842=15
1066=4
375=77
431=68
722=9
525=35
1171=5
1185=6
1187=7
1188=7
120=128
330=57
433=48
337=68
1063=4
1220=4
742=8
1190=8
202=107
712=2
[AOBJECT_DOWNLOADS]
124=Retrieved AptifyApplication.dll to C:\inetpub\wwwroot\ebizcms\bin\ on 11-21-2018 at 15:25:33
201=Retrieved AptifyAddressInterface.dll to C:\inetpub\wwwroot\ebizcms\bin\ on 11-21-2018 at 15:25:34
335=Retrieved AptifyAlerts.dll to C:\inetpub\wwwroot\ebizcms\bin\ on 11-21-2018 at 15:25:34
98=Retrieved AptifyAttributeManagement.dll to C:\inetpub\wwwroot\ebizcms\bin\Bootfiles\ on 11-21-2018 at 15:25:34
1100=Retrieved AptifyCMSIntegration.dll to C:\inetpub\wwwroot\ebizcms\bin\ on 11-21-2018 at 15:25:34
244=Retrieved AptifyConnectionState.dll to C:\inetpub\wwwroot\ebizcms\bin\Bootfiles\ on 11-21-2018 at 15:25:34
719=Retrieved AptifyEBusinessUser.dll to C:\inetpub\wwwroot\ebizcms\bin\ on 11-21-2018 at 15:25:35
156=Retrieved AptifyEventFire.dll to C:\inetpub\wwwroot\ebizcms\bin\ on 11-21-2018 at 15:25:35
673=Retrieved ProcessFlowDebugHarness.dll to C:\inetpub\wwwroot\ebizcms\bin\ on 11-21-2018 at 15:25:35
99=Retrieved AptifyExceptionManagement.dll to C:\inetpub\wwwroot\ebizcms\bin\Bootfiles\ on 11-21-2018 at 15:25:35
100=Retrieved AptifyExceptionManagementInterfaces.dll to C:\inetpub\wwwroot\ebizcms\bin\Bootfiles\ on 11-21-2018 at 15:25:35
558=Retrieved AptifyFilterRules.dll to C:\inetpub\wwwroot\ebizcms\bin\ on 11-21-2018 at 15:25:36
101=Retrieved AptifyGACUtility.dll to C:\inetpub\wwwroot\ebizcms\bin\Bootfiles\ on 11-21-2018 at 15:25:36
102=Retrieved AptifyGenericDataServices.dll to C:\inetpub\wwwroot\ebizcms\bin\Bootfiles\ on 11-21-2018 at 15:25:36
1175=Retrieved AptifyHttpHandler.dll to C:\inetpub\wwwroot\ebizcms\bin\ on 11-21-2018 at 15:25:36
1176=Retrieved AptifyHttpModule.dll to C:\inetpub\wwwroot\ebizcms\bin\ on 11-21-2018 at 15:25:36
610=Retrieved AptifyHousingObjects.dll to C:\inetpub\wwwroot\ebizcms\bin\ on 11-21-2018 at 15:25:36
1096=Retrieved AptifyKnowledgeObjects.dll to C:\inetpub\wwwroot\ebizcms\bin\ on 11-21-2018 at 15:25:37
1097=Retrieved AptifyKnowledgeWebControls.dll to C:\inetpub\wwwroot\ebizcms\bin\ on 11-21-2018 at 15:25:37
569=Retrieved AptifyLicensingManager.dll to C:\inetpub\wwwroot\ebizcms\bin\Bootfiles\ on 11-21-2018 at 15:25:37
1179=Retrieved AptifyLinkedInIntegration.dll to C:\inetpub\wwwroot\ebizcms\bin\ on 11-21-2018 at 15:25:37
1180=Retrieved AptifySocialNetworkIntegration.dll to C:\inetpub\wwwroot\ebizcms\bin\ on 11-21-2018 at 15:25:37
837=Retrieved AptifyLMSBase.dll to C:\inetpub\wwwroot\ebizcms\bin\ on 11-21-2018 at 15:25:38
103=Retrieved AptifyLogin.dll to C:\inetpub\wwwroot\ebizcms\bin\Bootfiles\ on 11-21-2018 at 15:25:38
397=Retrieved AptifyPersonsEntity.dll to C:\inetpub\wwwroot\ebizcms\bin\ on 11-21-2018 at 15:25:38
512=Retrieved Payments.dll to C:\inetpub\wwwroot\ebizcms\bin\ on 11-21-2018 at 15:25:38
1059=Retrieved Aptify.Framework.BusinessLogic.GenericEntity.Generated.Persons.dll to C:\inetpub\wwwroot\ebizcms\bin\ on 11-21-2018 at 15:25:38
1067=Retrieved Aptify.Framework.BusinessLogic.GenericEntity.Generated.Payments.dll to C:\inetpub\wwwroot\ebizcms\bin\ on 11-21-2018 at 15:25:38
1086=Retrieved AptifyMarketplaceListingsEntity.dll to C:\inetpub\wwwroot\ebizcms\bin\ on 11-21-2018 at 15:25:39
469=Retrieved PaymentInfoControl.dll to C:\inetpub\wwwroot\ebizcms\bin\ on 11-21-2018 at 15:25:39
1103=Retrieved AptifyMarketplaceListingsUI.dll to C:\inetpub\wwwroot\ebizcms\bin\ on 11-21-2018 at 15:25:39
588=Retrieved AptifyMeetingsEntity.dll to C:\inetpub\wwwroot\ebizcms\bin\ on 11-21-2018 at 15:25:39
97=Retrieved AptifyMessagingEngine.dll to C:\inetpub\wwwroot\ebizcms\bin\ on 11-21-2018 at 15:25:39
166=Retrieved AptifyMessagingInterfaces.dll to C:\inetpub\wwwroot\ebizcms\bin\ on 11-21-2018 at 15:25:40
589=Retrieved AptifyOBDEntity.dll to C:\inetpub\wwwroot\ebizcms\bin\ on 11-21-2018 at 15:25:40
526=Retrieved AptifyOrdersEntity.dll to C:\inetpub\wwwroot\ebizcms\bin\ on 11-21-2018 at 15:25:40
104=Retrieved AptifyObjectRepository.dll to C:\inetpub\wwwroot\ebizcms\bin\Bootfiles\ on 11-21-2018 at 15:25:40
582=Retrieved AptifyOMDEntity.dll to C:\inetpub\wwwroot\ebizcms\bin\ on 11-21-2018 at 15:25:40
339=Retrieved ICurrencyRetrieval.dll to C:\inetpub\wwwroot\ebizcms\bin\ on 11-21-2018 at 15:25:41
343=Retrieved IGenerateGL.dll to C:\inetpub\wwwroot\ebizcms\bin\ on 11-21-2018 at 15:25:41
1068=Retrieved Aptify.Framework.BusinessLogic.GenericEntity.Generated.Orders.dll to C:\inetpub\wwwroot\ebizcms\bin\ on 11-21-2018 at 15:25:41
1153=Retrieved AptifyProductPrerequisite.dll to C:\inetpub\wwwroot\ebizcms\bin\ on 11-21-2018 at 15:25:41
1170=Retrieved HousingReservationGuestLayout.dll to C:\inetpub\wwwroot\ebizcms\bin\ on 11-21-2018 at 15:25:41
1197=Retrieved PaymentRefundWizard.dll to C:\inetpub\wwwroot\ebizcms\bin\ on 11-21-2018 at 15:25:41
173=Retrieved AptifyProcessFlowEngine.dll to C:\inetpub\wwwroot\ebizcms\bin\ on 11-21-2018 at 15:25:42
1526=Retrieved Newtonsoft.Json.dll to C:\inetpub\wwwroot\ebizcms\bin\ on 11-21-2018 at 15:25:42
176=Retrieved AptifyReportWizard.dll to C:\inetpub\wwwroot\ebizcms\bin\ on 11-21-2018 at 15:25:42
177=Retrieved AptifyReportWizardInterfaces.dll to C:\inetpub\wwwroot\ebizcms\bin\ on 11-21-2018 at 15:25:42
249=Retrieved AptifyReplicationWizards.dll to C:\inetpub\wwwroot\ebizcms\bin\ on 11-21-2018 at 15:25:42
1177=Retrieved AptifyRSSFeed.dll to C:\inetpub\wwwroot\ebizcms\bin\ on 11-21-2018 at 15:25:42
538=Retrieved AptifySalesTax.dll to C:\inetpub\wwwroot\ebizcms\bin\ on 11-21-2018 at 15:25:43
200=Retrieved AptifyScriptEngine.dll to C:\inetpub\wwwroot\ebizcms\bin\ on 11-21-2018 at 15:25:43
182=Retrieved AptifySecurityKey.dll to C:\inetpub\wwwroot\ebizcms\bin\ on 11-21-2018 at 15:25:43
564=Retrieved AptifyShippingCalculator.dll to C:\inetpub\wwwroot\ebizcms\bin\ on 11-21-2018 at 15:25:43
1181=Retrieved AptifySocialNetworkProcessComponents.dll to C:\inetpub\wwwroot\ebizcms\bin\ on 11-21-2018 at 15:25:43
105=Retrieved AptifySQLDataServices.dll to C:\inetpub\wwwroot\ebizcms\bin\Bootfiles\ on 11-21-2018 at 15:25:44
11=Retrieved AptifyTopicCodes.dll to C:\inetpub\wwwroot\ebizcms\bin\ on 11-21-2018 at 15:25:44
10=Retrieved AptifyTopicCodeLinks.dll to C:\inetpub\wwwroot\ebizcms\bin\ on 11-21-2018 at 15:25:44
106=Retrieved AptifyUtility.dll to C:\inetpub\wwwroot\ebizcms\bin\Bootfiles\ on 11-21-2018 at 15:25:44
764=Retrieved AptifyWebExclusionManager.dll to C:\inetpub\wwwroot\ebizcms\bin\ on 11-21-2018 at 15:25:44
703=Retrieved AptifyWebGlobal.dll to C:\inetpub\wwwroot\ebizcms\bin\ on 11-21-2018 at 15:25:44
1178=Retrieved AptifyWebUtility.dll to C:\inetpub\wwwroot\ebizcms\bin\ on 11-21-2018 at 15:25:45
1184=Retrieved BaseUserControlAdvanced.dll to C:\inetpub\wwwroot\ebizcms\bin\ on 11-21-2018 at 15:25:45
365=Retrieved CampaignCalculateDiscount.dll to C:\inetpub\wwwroot\ebizcms\bin\ on 11-21-2018 at 15:25:45
364=Retrieved ICampaignCalculateDiscount.dll to C:\inetpub\wwwroot\ebizcms\bin\ on 11-21-2018 at 15:25:45
379=Retrieved CheckCredit.dll to C:\inetpub\wwwroot\ebizcms\bin\ on 11-21-2018 at 15:25:45
378=Retrieved ICheckCredit.dll to C:\inetpub\wwwroot\ebizcms\bin\ on 11-21-2018 at 15:25:45
355=Retrieved CheckInventory.dll to C:\inetpub\wwwroot\ebizcms\bin\ on 11-21-2018 at 15:25:46
354=Retrieved ICheckInventory.dll to C:\inetpub\wwwroot\ebizcms\bin\ on 11-21-2018 at 15:25:46
587=Retrieved CheckMeetingInventory.dll to C:\inetpub\wwwroot\ebizcms\bin\ on 11-21-2018 at 15:25:46
828=Retrieved Class.dll to C:\inetpub\wwwroot\ebizcms\bin\ on 11-21-2018 at 15:25:46
440=Retrieved ProductObject.dll to C:\inetpub\wwwroot\ebizcms\bin\ on 11-21-2018 at 15:25:46
826=Retrieved ClassRegistrationGE.dll to C:\inetpub\wwwroot\ebizcms\bin\ on 11-21-2018 at 15:25:47
825=Retrieved EducationManagementScopeFilter.dll to C:\inetpub\wwwroot\ebizcms\bin\ on 11-21-2018 at 15:25:47
624=Retrieved CompanyProcessComponents.dll to C:\inetpub\wwwroot\ebizcms\bin\ on 11-21-2018 at 15:25:47
371=Retrieved CompanyObject.dll to C:\inetpub\wwwroot\ebizcms\bin\ on 11-21-2018 at 15:25:47
1061=Retrieved Aptify.Framework.BusinessLogic.GenericEntity.Generated.Companies.dll to C:\inetpub\wwwroot\ebizcms\bin\ on 11-21-2018 at 15:25:47
1127=Retrieved CreateEducationUnits.dll to C:\inetpub\wwwroot\ebizcms\bin\ on 11-21-2018 at 15:25:47
716=Retrieved CreatePriorityPoints.dll to C:\inetpub\wwwroot\ebizcms\bin\ on 11-21-2018 at 15:25:48
389=Retrieved CurrencyMarkToMarket.dll to C:\inetpub\wwwroot\ebizcms\bin\ on 11-21-2018 at 15:25:48
388=Retrieved ICurrencyMarkToMarket.dll to C:\inetpub\wwwroot\ebizcms\bin\ on 11-21-2018 at 15:25:48
1510=Retrieved ICurrencyMarkToMarket2.dll to C:\inetpub\wwwroot\ebizcms\bin\ on 11-21-2018 at 15:25:48
338=Retrieved CurrencyRetrieval.dll to C:\inetpub\wwwroot\ebizcms\bin\ on 11-21-2018 at 15:25:48
845=Retrieved CurriculumApplication.dll to C:\inetpub\wwwroot\ebizcms\bin\ on 11-21-2018 at 15:25:48
1090=Retrieved EBusinessBase.dll to C:\inetpub\wwwroot\ebizcms\bin\ on 11-21-2018 at 15:25:48
1089=Retrieved EBusinessGlobal.dll to C:\inetpub\wwwroot\ebizcms\bin\ on 11-21-2018 at 15:25:49
1091=Retrieved EBusinessHierarchyTree.dll to C:\inetpub\wwwroot\ebizcms\bin\ on 11-21-2018 at 15:25:49
720=Retrieved EBusinessLogin.dll to C:\inetpub\wwwroot\ebizcms\bin\ on 11-21-2018 at 15:25:49
721=Retrieved EBusinessShoppingCart.dll to C:\inetpub\wwwroot\ebizcms\bin\ on 11-21-2018 at 15:25:49
597=Retrieved ElectronicPaymentVerisign.dll to C:\inetpub\wwwroot\ebizcms\bin\ on 11-21-2018 at 15:25:49
600=Retrieved Payflow_dotNET.dll to C:\inetpub\wwwroot\ebizcms\bin\ on 11-21-2018 at 15:25:50
601=Retrieved f73e89fd.0 to C:\inetpub\wwwroot\ebizcms\bin\ on 11-21-2018 at 15:25:50
599=Retrieved PFProCOMLib.dll to C:\inetpub\wwwroot\ebizcms\bin\ on 11-21-2018 at 15:25:50
598=Retrieved PFProCOM.dll to C:\inetpub\wwwroot\ebizcms\bin\ on 11-21-2018 at 15:25:50
1065=Retrieved Aptify.Framework.BusinessLogic.GenericEntity.Generated.Employees.dll to C:\inetpub\wwwroot\ebizcms\bin\ on 11-21-2018 at 15:25:50
437=Retrieved FilterRules.dll to C:\inetpub\wwwroot\ebizcms\bin\ on 11-21-2018 at 15:25:51
132=Retrieved AptifyGenericEntity.dll to C:\inetpub\wwwroot\ebizcms\bin\ on 11-21-2018 at 15:25:51
393=Retrieved GenerateCOGS.dll to C:\inetpub\wwwroot\ebizcms\bin\ on 11-21-2018 at 15:25:51
392=Retrieved IGenerateCOGS.dll to C:\inetpub\wwwroot\ebizcms\bin\ on 11-21-2018 at 15:25:51
131=Retrieved AptifyGenericEntityBase.dll to C:\inetpub\wwwroot\ebizcms\bin\ on 11-21-2018 at 15:25:51
107=Retrieved IAptifyDataServices.dll to C:\inetpub\wwwroot\ebizcms\bin\Bootfiles\ on 11-21-2018 at 15:25:52
390=Retrieved IOrderAddressFlowdown.dll to C:\inetpub\wwwroot\ebizcms\bin\ on 11-21-2018 at 15:25:52
386=Retrieved ISubscriptionDate.dll to C:\inetpub\wwwroot\ebizcms\bin\ on 11-21-2018 at 15:25:52
194=Retrieved Metadata.dll to C:\inetpub\wwwroot\ebizcms\bin\Bootfiles\ on 11-21-2018 at 15:25:52
391=Retrieved OrderAddressFlowdown.dll to C:\inetpub\wwwroot\ebizcms\bin\ on 11-21-2018 at 15:25:52
367=Retrieved PreferredAddress.dll to C:\inetpub\wwwroot\ebizcms\bin\ on 11-21-2018 at 15:25:52
1550=Retrieved CompaniesPreferredAddress.dll to C:\inetpub\wwwroot\ebizcms\bin\ on 11-21-2018 at 15:25:53
394=Retrieved OrderGenerateGL.dll to C:\inetpub\wwwroot\ebizcms\bin\ on 11-21-2018 at 15:25:53
1062=Retrieved Aptify.Framework.BusinessLogic.GenericEntity.Generated.Organizations.dll to C:\inetpub\wwwroot\ebizcms\bin\ on 11-21-2018 at 15:25:53
396=Retrieved OrganizationObject.dll to C:\inetpub\wwwroot\ebizcms\bin\ on 11-21-2018 at 15:25:53
1092=Retrieved PageSecurity.dll to C:\inetpub\wwwroot\ebizcms\bin\ on 11-21-2018 at 15:25:53
434=Retrieved PaymentGenerateGL.dll to C:\inetpub\wwwroot\ebizcms\bin\ on 11-21-2018 at 15:25:54
468=Retrieved PaymentInfoObject.dll to C:\inetpub\wwwroot\ebizcms\bin\ on 11-21-2018 at 15:25:54
613=Retrieved pfpro.dll to C:\inetpub\wwwroot\ebizcms\bin\ on 11-21-2018 at 15:25:54
1093=Retrieved ProductCategoryLinkString.dll to C:\inetpub\wwwroot\ebizcms\bin\ on 11-21-2018 at 15:25:54
348=Retrieved ProductCategoryObject.dll to C:\inetpub\wwwroot\ebizcms\bin\ on 11-21-2018 at 15:25:54
1172=Retrieved ProductTypeObject.dll to C:\inetpub\wwwroot\ebizcms\bin\ on 11-21-2018 at 15:25:54
443=Retrieved ProductPrice.dll to C:\inetpub\wwwroot\ebizcms\bin\ on 11-21-2018 at 15:25:55
1071=Retrieved Aptify.Framework.BusinessLogic.GenericEntity.Generated.ScheduledTransactions.dll to C:\inetpub\wwwroot\ebizcms\bin\ on 11-21-2018 at 15:25:55
356=Retrieved ScheduledTransaction.dll to C:\inetpub\wwwroot\ebizcms\bin\ on 11-21-2018 at 15:25:55
387=Retrieved SubscriptionDate.dll to C:\inetpub\wwwroot\ebizcms\bin\ on 11-21-2018 at 15:25:55
842=Retrieved SubscriptionEntity.dll to C:\inetpub\wwwroot\ebizcms\bin\ on 11-21-2018 at 15:25:55
1066=Retrieved Aptify.Framework.BusinessLogic.GenericEntity.Generated.Subscriptions.dll to C:\inetpub\wwwroot\ebizcms\bin\ on 11-21-2018 at 15:25:55
375=Retrieved SubscriptionRenewal.dll to C:\inetpub\wwwroot\ebizcms\bin\ on 11-21-2018 at 15:25:56
431=Retrieved SubscriptionSave.dll to C:\inetpub\wwwroot\ebizcms\bin\ on 11-21-2018 at 15:25:56
722=Retrieved WebUserActivity.dll to C:\inetpub\wwwroot\ebizcms\bin\ on 11-21-2018 at 15:25:56
525=Retrieved AptifyPersonCompaniesEntity.dll to C:\inetpub\wwwroot\ebizcms\bin\ on 11-21-2018 at 15:25:56
1171=Retrieved CoursesEntity.dll to C:\inetpub\wwwroot\ebizcms\bin\ on 11-21-2018 at 15:25:56
1185=Retrieved EBusinessHttpModule.dll to C:\inetpub\wwwroot\ebizcms\bin\ on 11-21-2018 at 15:25:57
1187=Retrieved PFProCOM.dll to C:\inetpub\wwwroot\ebizcms\bin\ on 11-21-2018 at 15:25:57
1188=Retrieved PFProCOMLib.dll to C:\inetpub\wwwroot\ebizcms\bin\ on 11-21-2018 at 15:25:57
120=Retrieved IAptifyDashboard.dll to C:\inetpub\wwwroot\ebizcms\bin\ on 11-21-2018 at 15:25:57
330=Retrieved EntityCRUDProcessComponents.dll to C:\inetpub\wwwroot\ebizcms\bin\ on 11-21-2018 at 15:25:57
433=Retrieved ExpandKits.dll to C:\inetpub\wwwroot\ebizcms\bin\ on 11-21-2018 at 15:25:57
337=Retrieved ContactLogObject.dll to C:\inetpub\wwwroot\ebizcms\bin\ on 11-21-2018 at 15:25:58
1063=Retrieved Aptify.Framework.BusinessLogic.GenericEntity.Generated.ContactLog.dll to C:\inetpub\wwwroot\ebizcms\bin\ on 11-21-2018 at 15:25:58
1220=Retrieved PaymentTypeObject.dll to C:\inetpub\wwwroot\ebizcms\bin\ on 11-21-2018 at 15:25:58
742=Retrieved ChapterAssignmentRules.dll to C:\inetpub\wwwroot\ebizcms\bin\ on 11-21-2018 at 15:25:58
1190=Retrieved AptifyMelissaDataWebServiceVerification.dll to C:\inetpub\wwwroot\ebizcms\bin\ on 11-21-2018 at 15:25:58
202=Retrieved AptifyAddressDrivers.dll to C:\inetpub\wwwroot\ebizcms\bin\ on 11-21-2018 at 15:25:59
712=Retrieved AccumailGoldDotNet.dll to C:\inetpub\wwwroot\ebizcms\bin\ on 11-21-2018 at 15:25:59
[OBJECT_CLEANUP]
124=AptifyApplication.dll|C:\inetpub\wwwroot\ebizcms\bin\|22
201=AptifyAddressInterface.dll|C:\inetpub\wwwroot\ebizcms\bin\|22
335=AptifyAlerts.dll|C:\inetpub\wwwroot\ebizcms\bin\|22
98=AptifyAttributeManagement.dll|C:\inetpub\wwwroot\ebizcms\bin\Bootfiles\|22
1100=AptifyCMSIntegration.dll|C:\inetpub\wwwroot\ebizcms\bin\|22
244=AptifyConnectionState.dll|C:\inetpub\wwwroot\ebizcms\bin\Bootfiles\|22
719=AptifyEBusinessUser.dll|C:\inetpub\wwwroot\ebizcms\bin\|22
156=AptifyEventFire.dll|C:\inetpub\wwwroot\ebizcms\bin\|22
673=ProcessFlowDebugHarness.dll|C:\inetpub\wwwroot\ebizcms\bin\|22
99=AptifyExceptionManagement.dll|C:\inetpub\wwwroot\ebizcms\bin\Bootfiles\|22
100=AptifyExceptionManagementInterfaces.dll|C:\inetpub\wwwroot\ebizcms\bin\Bootfiles\|22
558=AptifyFilterRules.dll|C:\inetpub\wwwroot\ebizcms\bin\|22
101=AptifyGACUtility.dll|C:\inetpub\wwwroot\ebizcms\bin\Bootfiles\|22
102=AptifyGenericDataServices.dll|C:\inetpub\wwwroot\ebizcms\bin\Bootfiles\|22
1175=AptifyHttpHandler.dll|C:\inetpub\wwwroot\ebizcms\bin\|22
1176=AptifyHttpModule.dll|C:\inetpub\wwwroot\ebizcms\bin\|22
610=AptifyHousingObjects.dll|C:\inetpub\wwwroot\ebizcms\bin\|22
1096=AptifyKnowledgeObjects.dll|C:\inetpub\wwwroot\ebizcms\bin\|22
1097=AptifyKnowledgeWebControls.dll|C:\inetpub\wwwroot\ebizcms\bin\|22
569=AptifyLicensingManager.dll|C:\inetpub\wwwroot\ebizcms\bin\Bootfiles\|22
1179=AptifyLinkedInIntegration.dll|C:\inetpub\wwwroot\ebizcms\bin\|22
1180=AptifySocialNetworkIntegration.dll|C:\inetpub\wwwroot\ebizcms\bin\|22
837=AptifyLMSBase.dll|C:\inetpub\wwwroot\ebizcms\bin\|22
103=AptifyLogin.dll|C:\inetpub\wwwroot\ebizcms\bin\Bootfiles\|22
397=AptifyPersonsEntity.dll|C:\inetpub\wwwroot\ebizcms\bin\|22
512=Payments.dll|C:\inetpub\wwwroot\ebizcms\bin\|22
1059=Aptify.Framework.BusinessLogic.GenericEntity.Generated.Persons.dll|C:\inetpub\wwwroot\ebizcms\bin\|22
1067=Aptify.Framework.BusinessLogic.GenericEntity.Generated.Payments.dll|C:\inetpub\wwwroot\ebizcms\bin\|22
1086=AptifyMarketplaceListingsEntity.dll|C:\inetpub\wwwroot\ebizcms\bin\|22
469=PaymentInfoControl.dll|C:\inetpub\wwwroot\ebizcms\bin\|22
1103=AptifyMarketplaceListingsUI.dll|C:\inetpub\wwwroot\ebizcms\bin\|22
588=AptifyMeetingsEntity.dll|C:\inetpub\wwwroot\ebizcms\bin\|22
97=AptifyMessagingEngine.dll|C:\inetpub\wwwroot\ebizcms\bin\|22
166=AptifyMessagingInterfaces.dll|C:\inetpub\wwwroot\ebizcms\bin\|22
589=AptifyOBDEntity.dll|C:\inetpub\wwwroot\ebizcms\bin\|22
526=AptifyOrdersEntity.dll|C:\inetpub\wwwroot\ebizcms\bin\|22
104=AptifyObjectRepository.dll|C:\inetpub\wwwroot\ebizcms\bin\Bootfiles\|22
582=AptifyOMDEntity.dll|C:\inetpub\wwwroot\ebizcms\bin\|22
339=ICurrencyRetrieval.dll|C:\inetpub\wwwroot\ebizcms\bin\|22
343=IGenerateGL.dll|C:\inetpub\wwwroot\ebizcms\bin\|22
1068=Aptify.Framework.BusinessLogic.GenericEntity.Generated.Orders.dll|C:\inetpub\wwwroot\ebizcms\bin\|22
1153=AptifyProductPrerequisite.dll|C:\inetpub\wwwroot\ebizcms\bin\|22
1170=HousingReservationGuestLayout.dll|C:\inetpub\wwwroot\ebizcms\bin\|22
1197=PaymentRefundWizard.dll|C:\inetpub\wwwroot\ebizcms\bin\|22
173=AptifyProcessFlowEngine.dll|C:\inetpub\wwwroot\ebizcms\bin\|22
1526=Newtonsoft.Json.dll|C:\inetpub\wwwroot\ebizcms\bin\|22
176=AptifyReportWizard.dll|C:\inetpub\wwwroot\ebizcms\bin\|22
177=AptifyReportWizardInterfaces.dll|C:\inetpub\wwwroot\ebizcms\bin\|22
249=AptifyReplicationWizards.dll|C:\inetpub\wwwroot\ebizcms\bin\|22
1177=AptifyRSSFeed.dll|C:\inetpub\wwwroot\ebizcms\bin\|22
538=AptifySalesTax.dll|C:\inetpub\wwwroot\ebizcms\bin\|22
200=AptifyScriptEngine.dll|C:\inetpub\wwwroot\ebizcms\bin\|22
182=AptifySecurityKey.dll|C:\inetpub\wwwroot\ebizcms\bin\|22
564=AptifyShippingCalculator.dll|C:\inetpub\wwwroot\ebizcms\bin\|22
1181=AptifySocialNetworkProcessComponents.dll|C:\inetpub\wwwroot\ebizcms\bin\|22
105=AptifySQLDataServices.dll|C:\inetpub\wwwroot\ebizcms\bin\Bootfiles\|22
11=AptifyTopicCodes.dll|C:\inetpub\wwwroot\ebizcms\bin\|22
10=AptifyTopicCodeLinks.dll|C:\inetpub\wwwroot\ebizcms\bin\|22
106=AptifyUtility.dll|C:\inetpub\wwwroot\ebizcms\bin\Bootfiles\|22
764=AptifyWebExclusionManager.dll|C:\inetpub\wwwroot\ebizcms\bin\|22
703=AptifyWebGlobal.dll|C:\inetpub\wwwroot\ebizcms\bin\|22
1178=AptifyWebUtility.dll|C:\inetpub\wwwroot\ebizcms\bin\|22
1184=BaseUserControlAdvanced.dll|C:\inetpub\wwwroot\ebizcms\bin\|22
365=CampaignCalculateDiscount.dll|C:\inetpub\wwwroot\ebizcms\bin\|22
364=ICampaignCalculateDiscount.dll|C:\inetpub\wwwroot\ebizcms\bin\|22
379=CheckCredit.dll|C:\inetpub\wwwroot\ebizcms\bin\|22
378=ICheckCredit.dll|C:\inetpub\wwwroot\ebizcms\bin\|22
355=CheckInventory.dll|C:\inetpub\wwwroot\ebizcms\bin\|22
354=ICheckInventory.dll|C:\inetpub\wwwroot\ebizcms\bin\|22
587=CheckMeetingInventory.dll|C:\inetpub\wwwroot\ebizcms\bin\|22
828=Class.dll|C:\inetpub\wwwroot\ebizcms\bin\|22
440=ProductObject.dll|C:\inetpub\wwwroot\ebizcms\bin\|22
826=ClassRegistrationGE.dll|C:\inetpub\wwwroot\ebizcms\bin\|22
825=EducationManagementScopeFilter.dll|C:\inetpub\wwwroot\ebizcms\bin\|22
624=CompanyProcessComponents.dll|C:\inetpub\wwwroot\ebizcms\bin\|22
371=CompanyObject.dll|C:\inetpub\wwwroot\ebizcms\bin\|22
1061=Aptify.Framework.BusinessLogic.GenericEntity.Generated.Companies.dll|C:\inetpub\wwwroot\ebizcms\bin\|22
1127=CreateEducationUnits.dll|C:\inetpub\wwwroot\ebizcms\bin\|22
716=CreatePriorityPoints.dll|C:\inetpub\wwwroot\ebizcms\bin\|22
389=CurrencyMarkToMarket.dll|C:\inetpub\wwwroot\ebizcms\bin\|22
388=ICurrencyMarkToMarket.dll|C:\inetpub\wwwroot\ebizcms\bin\|22
1510=ICurrencyMarkToMarket2.dll|C:\inetpub\wwwroot\ebizcms\bin\|22
338=CurrencyRetrieval.dll|C:\inetpub\wwwroot\ebizcms\bin\|22
845=CurriculumApplication.dll|C:\inetpub\wwwroot\ebizcms\bin\|22
1090=EBusinessBase.dll|C:\inetpub\wwwroot\ebizcms\bin\|22
1089=EBusinessGlobal.dll|C:\inetpub\wwwroot\ebizcms\bin\|22
1091=EBusinessHierarchyTree.dll|C:\inetpub\wwwroot\ebizcms\bin\|22
720=EBusinessLogin.dll|C:\inetpub\wwwroot\ebizcms\bin\|22
721=EBusinessShoppingCart.dll|C:\inetpub\wwwroot\ebizcms\bin\|22
597=ElectronicPaymentVerisign.dll|C:\inetpub\wwwroot\ebizcms\bin\|22
600=Payflow_dotNET.dll|C:\inetpub\wwwroot\ebizcms\bin\|22
601=f73e89fd.0|C:\inetpub\wwwroot\ebizcms\bin\|12
599=PFProCOMLib.dll|C:\inetpub\wwwroot\ebizcms\bin\|19
598=PFProCOM.dll|C:\inetpub\wwwroot\ebizcms\bin\|3
1065=Aptify.Framework.BusinessLogic.GenericEntity.Generated.Employees.dll|C:\inetpub\wwwroot\ebizcms\bin\|22
437=FilterRules.dll|C:\inetpub\wwwroot\ebizcms\bin\|22
132=AptifyGenericEntity.dll|C:\inetpub\wwwroot\ebizcms\bin\|22
393=GenerateCOGS.dll|C:\inetpub\wwwroot\ebizcms\bin\|22
392=IGenerateCOGS.dll|C:\inetpub\wwwroot\ebizcms\bin\|22
131=AptifyGenericEntityBase.dll|C:\inetpub\wwwroot\ebizcms\bin\|22
107=IAptifyDataServices.dll|C:\inetpub\wwwroot\ebizcms\bin\Bootfiles\|22
390=IOrderAddressFlowdown.dll|C:\inetpub\wwwroot\ebizcms\bin\|22
386=ISubscriptionDate.dll|C:\inetpub\wwwroot\ebizcms\bin\|22
194=Metadata.dll|C:\inetpub\wwwroot\ebizcms\bin\Bootfiles\|22
391=OrderAddressFlowdown.dll|C:\inetpub\wwwroot\ebizcms\bin\|22
367=PreferredAddress.dll|C:\inetpub\wwwroot\ebizcms\bin\|22
1550=CompaniesPreferredAddress.dll|C:\inetpub\wwwroot\ebizcms\bin\|22
394=OrderGenerateGL.dll|C:\inetpub\wwwroot\ebizcms\bin\|22
1062=Aptify.Framework.BusinessLogic.GenericEntity.Generated.Organizations.dll|C:\inetpub\wwwroot\ebizcms\bin\|22
396=OrganizationObject.dll|C:\inetpub\wwwroot\ebizcms\bin\|22
1092=PageSecurity.dll|C:\inetpub\wwwroot\ebizcms\bin\|22
434=PaymentGenerateGL.dll|C:\inetpub\wwwroot\ebizcms\bin\|22
468=PaymentInfoObject.dll|C:\inetpub\wwwroot\ebizcms\bin\|22
613=pfpro.dll|C:\inetpub\wwwroot\ebizcms\bin\|12
1093=ProductCategoryLinkString.dll|C:\inetpub\wwwroot\ebizcms\bin\|22
348=ProductCategoryObject.dll|C:\inetpub\wwwroot\ebizcms\bin\|22
1172=ProductTypeObject.dll|C:\inetpub\wwwroot\ebizcms\bin\|22
443=ProductPrice.dll|C:\inetpub\wwwroot\ebizcms\bin\|22
1071=Aptify.Framework.BusinessLogic.GenericEntity.Generated.ScheduledTransactions.dll|C:\inetpub\wwwroot\ebizcms\bin\|22
356=ScheduledTransaction.dll|C:\inetpub\wwwroot\ebizcms\bin\|22
387=SubscriptionDate.dll|C:\inetpub\wwwroot\ebizcms\bin\|22
842=SubscriptionEntity.dll|C:\inetpub\wwwroot\ebizcms\bin\|22
1066=Aptify.Framework.BusinessLogic.GenericEntity.Generated.Subscriptions.dll|C:\inetpub\wwwroot\ebizcms\bin\|22
375=SubscriptionRenewal.dll|C:\inetpub\wwwroot\ebizcms\bin\|22
431=SubscriptionSave.dll|C:\inetpub\wwwroot\ebizcms\bin\|22
722=WebUserActivity.dll|C:\inetpub\wwwroot\ebizcms\bin\|22
525=AptifyPersonCompaniesEntity.dll|C:\inetpub\wwwroot\ebizcms\bin\|22
1171=CoursesEntity.dll|C:\inetpub\wwwroot\ebizcms\bin\|22
1185=EBusinessHttpModule.dll|C:\inetpub\wwwroot\ebizcms\bin\|22
1187=PFProCOM.dll|C:\inetpub\wwwroot\ebizcms\bin\|22
1188=PFProCOMLib.dll|C:\inetpub\wwwroot\ebizcms\bin\|22
120=IAptifyDashboard.dll|C:\inetpub\wwwroot\ebizcms\bin\|22
330=EntityCRUDProcessComponents.dll|C:\inetpub\wwwroot\ebizcms\bin\|22
433=ExpandKits.dll|C:\inetpub\wwwroot\ebizcms\bin\|22
337=ContactLogObject.dll|C:\inetpub\wwwroot\ebizcms\bin\|22
1063=Aptify.Framework.BusinessLogic.GenericEntity.Generated.ContactLog.dll|C:\inetpub\wwwroot\ebizcms\bin\|22
1220=PaymentTypeObject.dll|C:\inetpub\wwwroot\ebizcms\bin\|22
742=ChapterAssignmentRules.dll|C:\inetpub\wwwroot\ebizcms\bin\|22
1190=AptifyMelissaDataWebServiceVerification.dll|C:\inetpub\wwwroot\ebizcms\bin\|22
202=AptifyAddressDrivers.dll|C:\inetpub\wwwroot\ebizcms\bin\|22
712=AccumailGoldDotNet.dll|C:\inetpub\wwwroot\ebizcms\bin\|22
