----------------------------------------
Timestamp: 30-09-2019 01:06:32

Message: HandlingInstanceID: 7066d820-f674-4dd0-8cd2-104458208935
An exception of type 'System.NullReferenceException' occurred and was caught.
-----------------------------------------------------------------------------
09/30/2019 06:36:32
Type : System.NullReferenceException, mscorlib, Version=4.0.0.0, Culture=neutral, PublicKeyToken=b77a5c561934e089
Message : Object reference not set to an instance of an object.
Source : Telerik.Sitefinity.Search.Impl
Help link : 
Data : System.Collections.ListDictionaryInternal
TargetSite : Void PushData(System.Collections.Generic.IList`1[Telerik.Sitefinity.Publishing.PublishingSystemEventInfo])
HResult : -2147467261
Stack Trace :    at Telerik.Sitefinity.Services.Search.Publishing.SearchIndexOutboundPipe.PushData(IList`1 items)
   at Telerik.Sitefinity.Publishing.PublishingPointBase.CallPushPipes(IList`1 items, String action)
   at Telerik.Sitefinity.Publishing.Pipes.PageInboundPipe.PushData(IList`1 items)
   at Telerik.Sitefinity.Publishing.PublishingManager.CallSubscribedPipes(IEnumerable`1 args)

Additional Info:

MachineName : IL013455
TimeStamp : 30-09-2019 01:06:32
FullName : Telerik.Sitefinity.Utilities, Version=8.1.5800.0, Culture=neutral, PublicKeyToken=b28c218413bdf563
AppDomainName : /LM/W3SVC/1/ROOT/ebizcms-1-132142790446244362
ThreadIdentity : 
WindowsIdentity : APTIFY\Installation.User
Requested URL : https://localhost/ebizcms


Category: ErrorLog

Priority: 0

EventId: 9010

Severity: Warning

Title:Enterprise Library Exception Handling

Machine: IL013455

App Domain: /LM/W3SVC/1/ROOT/ebizcms-1-132142790446244362

ProcessId: 11092

Process Name: c:\windows\system32\inetsrv\w3wp.exe

Thread Name: 

Win32 ThreadId:14952

Extended Properties: 
----------------------------------------
----------------------------------------
Timestamp: 30-09-2019 01:06:32

Message: HandlingInstanceID: 054a5847-ae2c-4386-84cc-f5d37df7b23b
An exception of type 'System.NullReferenceException' occurred and was caught.
-----------------------------------------------------------------------------
09/30/2019 06:36:32
Type : System.NullReferenceException, mscorlib, Version=4.0.0.0, Culture=neutral, PublicKeyToken=b77a5c561934e089
Message : Object reference not set to an instance of an object.
Source : Telerik.Sitefinity.Search.Impl
Help link : 
Data : System.Collections.ListDictionaryInternal
TargetSite : Void PushData(System.Collections.Generic.IList`1[Telerik.Sitefinity.Publishing.PublishingSystemEventInfo])
HResult : -2147467261
Stack Trace :    at Telerik.Sitefinity.Services.Search.Publishing.SearchIndexOutboundPipe.PushData(IList`1 items)
   at Telerik.Sitefinity.Publishing.PublishingPointBase.CallPushPipes(IList`1 items, String action)
   at Telerik.Sitefinity.Publishing.Pipes.PageInboundPipe.PushData(IList`1 items)
   at Telerik.Sitefinity.Publishing.PublishingManager.CallSubscribedPipes(IEnumerable`1 args)

Additional Info:

MachineName : IL013455
TimeStamp : 30-09-2019 01:06:32
FullName : Telerik.Sitefinity.Utilities, Version=8.1.5800.0, Culture=neutral, PublicKeyToken=b28c218413bdf563
AppDomainName : /LM/W3SVC/1/ROOT/ebizcms-1-132142790446244362
ThreadIdentity : 
WindowsIdentity : APTIFY\Installation.User
Requested URL : https://localhost/ebizcms


Category: ErrorLog

Priority: 0

EventId: 9010

Severity: Warning

Title:Enterprise Library Exception Handling

Machine: IL013455

App Domain: /LM/W3SVC/1/ROOT/ebizcms-1-132142790446244362

ProcessId: 11092

Process Name: c:\windows\system32\inetsrv\w3wp.exe

Thread Name: 

Win32 ThreadId:4852

Extended Properties: 
----------------------------------------
----------------------------------------
Timestamp: 30-09-2019 01:06:32

Message: HandlingInstanceID: dd355d5d-f078-4b17-be80-daca167313a9
An exception of type 'System.NullReferenceException' occurred and was caught.
-----------------------------------------------------------------------------
09/30/2019 06:36:32
Type : System.NullReferenceException, mscorlib, Version=4.0.0.0, Culture=neutral, PublicKeyToken=b77a5c561934e089
Message : Object reference not set to an instance of an object.
Source : Telerik.Sitefinity.Search.Impl
Help link : 
Data : System.Collections.ListDictionaryInternal
TargetSite : Void PushData(System.Collections.Generic.IList`1[Telerik.Sitefinity.Publishing.PublishingSystemEventInfo])
HResult : -2147467261
Stack Trace :    at Telerik.Sitefinity.Services.Search.Publishing.SearchIndexOutboundPipe.PushData(IList`1 items)
   at Telerik.Sitefinity.Publishing.PublishingPointBase.CallPushPipes(IList`1 items, String action)
   at Telerik.Sitefinity.Publishing.Pipes.PageInboundPipe.PushData(IList`1 items)
   at Telerik.Sitefinity.Publishing.PublishingManager.CallSubscribedPipes(IEnumerable`1 args)

Additional Info:

MachineName : IL013455
TimeStamp : 30-09-2019 01:06:32
FullName : Telerik.Sitefinity.Utilities, Version=8.1.5800.0, Culture=neutral, PublicKeyToken=b28c218413bdf563
AppDomainName : /LM/W3SVC/1/ROOT/ebizcms-1-132142790446244362
ThreadIdentity : 
WindowsIdentity : APTIFY\Installation.User
Requested URL : https://localhost/ebizcms


Category: ErrorLog

Priority: 0

EventId: 9010

Severity: Warning

Title:Enterprise Library Exception Handling

Machine: IL013455

App Domain: /LM/W3SVC/1/ROOT/ebizcms-1-132142790446244362

ProcessId: 11092

Process Name: c:\windows\system32\inetsrv\w3wp.exe

Thread Name: 

Win32 ThreadId:19056

Extended Properties: 
----------------------------------------
----------------------------------------
Timestamp: 30-09-2019 01:06:32

Message: HandlingInstanceID: 20704c12-5b7b-4568-9baa-bac3c899bf35
An exception of type 'System.NullReferenceException' occurred and was caught.
-----------------------------------------------------------------------------
09/30/2019 06:36:32
Type : System.NullReferenceException, mscorlib, Version=4.0.0.0, Culture=neutral, PublicKeyToken=b77a5c561934e089
Message : Object reference not set to an instance of an object.
Source : Telerik.Sitefinity.Search.Impl
Help link : 
Data : System.Collections.ListDictionaryInternal
TargetSite : Void PushData(System.Collections.Generic.IList`1[Telerik.Sitefinity.Publishing.PublishingSystemEventInfo])
HResult : -2147467261
Stack Trace :    at Telerik.Sitefinity.Services.Search.Publishing.SearchIndexOutboundPipe.PushData(IList`1 items)
   at Telerik.Sitefinity.Publishing.PublishingPointBase.CallPushPipes(IList`1 items, String action)
   at Telerik.Sitefinity.Publishing.Pipes.PageInboundPipe.PushData(IList`1 items)
   at Telerik.Sitefinity.Publishing.PublishingManager.CallSubscribedPipes(IEnumerable`1 args)

Additional Info:

MachineName : IL013455
TimeStamp : 30-09-2019 01:06:32
FullName : Telerik.Sitefinity.Utilities, Version=8.1.5800.0, Culture=neutral, PublicKeyToken=b28c218413bdf563
AppDomainName : /LM/W3SVC/1/ROOT/ebizcms-1-132142790446244362
ThreadIdentity : 
WindowsIdentity : APTIFY\Installation.User
Requested URL : https://localhost/ebizcms


Category: ErrorLog

Priority: 0

EventId: 9010

Severity: Warning

Title:Enterprise Library Exception Handling

Machine: IL013455

App Domain: /LM/W3SVC/1/ROOT/ebizcms-1-132142790446244362

ProcessId: 11092

Process Name: c:\windows\system32\inetsrv\w3wp.exe

Thread Name: 

Win32 ThreadId:22024

Extended Properties: 
----------------------------------------
