----------------------------------------
Timestamp: 03-07-2019 10:57:03

Message: Shutting down threadpool...


----------------------------------------
----------------------------------------
Timestamp: 03-07-2019 10:57:03

Message: Thread pool 'BackgroundTasksService': Shutdown of thread pool completed. All currently running threads will finish their work and stop.


----------------------------------------
----------------------------------------
Timestamp: 03-07-2019 10:57:03

Message: WorkerThread is shut down


----------------------------------------
----------------------------------------
Timestamp: 03-07-2019 10:57:03

Message: Background task scheduler shut down


----------------------------------------
----------------------------------------
Timestamp: 03-07-2019 10:57:03

Message: WorkerThread is shut down


----------------------------------------
----------------------------------------
Timestamp: 03-07-2019 10:57:03

Message: WorkerThread is shut down


----------------------------------------
----------------------------------------
Timestamp: 03-07-2019 10:57:03

Message: WorkerThread is shut down


----------------------------------------
----------------------------------------
Timestamp: 03-07-2019 10:57:03

Message: WorkerThread is shut down


----------------------------------------
----------------------------------------
Timestamp: 03-07-2019 10:57:03

Message: WorkerThread is shut down


----------------------------------------
----------------------------------------
Timestamp: 03-07-2019 10:57:03

Message: WorkerThread is shut down


----------------------------------------
----------------------------------------
Timestamp: 03-07-2019 10:57:03

Message: WorkerThread is shut down


----------------------------------------
