----------------------------------------
Timestamp: 24-06-2019 07:52:06

Message: Shutting down threadpool...


----------------------------------------
----------------------------------------
Timestamp: 24-06-2019 07:52:06

Message: Thread pool 'BackgroundTasksService': Shutdown of thread pool completed. All currently running threads will finish their work and stop.


----------------------------------------
----------------------------------------
Timestamp: 24-06-2019 07:52:06

Message: Background task scheduler shut down


----------------------------------------
----------------------------------------
Timestamp: 24-06-2019 07:52:06

Message: WorkerThread is shut down


----------------------------------------
----------------------------------------
Timestamp: 24-06-2019 07:52:06

Message: WorkerThread is shut down


----------------------------------------
----------------------------------------
Timestamp: 24-06-2019 07:52:06

Message: WorkerThread is shut down


----------------------------------------
----------------------------------------
Timestamp: 24-06-2019 07:52:06

Message: WorkerThread is shut down


----------------------------------------
----------------------------------------
Timestamp: 24-06-2019 07:52:06

Message: WorkerThread is shut down


----------------------------------------
----------------------------------------
Timestamp: 24-06-2019 07:52:06

Message: WorkerThread is shut down


----------------------------------------
----------------------------------------
Timestamp: 24-06-2019 07:52:06

Message: WorkerThread is shut down


----------------------------------------
----------------------------------------
Timestamp: 24-06-2019 07:52:07

Message: WorkerThread is shut down


----------------------------------------
----------------------------------------
Timestamp: 24-06-2019 07:52:36

Message: Shutting down threadpool...


----------------------------------------
----------------------------------------
Timestamp: 24-06-2019 07:52:36

Message: Thread pool 'BackgroundTasksService': Shutdown of thread pool completed. Threads aborted.


----------------------------------------
----------------------------------------
Timestamp: 25-06-2019 07:29:55

Message: Shutting down threadpool...


----------------------------------------
----------------------------------------
Timestamp: 25-06-2019 07:29:55

Message: Thread pool 'BackgroundTasksService': Shutdown of thread pool completed. All currently running threads will finish their work and stop.


----------------------------------------
----------------------------------------
Timestamp: 25-06-2019 07:29:55

Message: WorkerThread is shut down


----------------------------------------
----------------------------------------
Timestamp: 25-06-2019 07:29:55

Message: WorkerThread is shut down


----------------------------------------
----------------------------------------
Timestamp: 25-06-2019 07:29:55

Message: WorkerThread is shut down


----------------------------------------
----------------------------------------
Timestamp: 25-06-2019 07:29:55

Message: Background task scheduler shut down


----------------------------------------
----------------------------------------
Timestamp: 25-06-2019 07:29:56

Message: WorkerThread is shut down


----------------------------------------
----------------------------------------
Timestamp: 25-06-2019 07:29:56

Message: WorkerThread is shut down


----------------------------------------
----------------------------------------
Timestamp: 25-06-2019 07:29:56

Message: WorkerThread is shut down


----------------------------------------
----------------------------------------
Timestamp: 25-06-2019 07:29:56

Message: WorkerThread is shut down


----------------------------------------
----------------------------------------
Timestamp: 25-06-2019 07:29:56

Message: WorkerThread is shut down


----------------------------------------
----------------------------------------
Timestamp: 25-06-2019 07:30:25

Message: Shutting down threadpool...


----------------------------------------
----------------------------------------
Timestamp: 25-06-2019 07:30:25

Message: Thread pool 'BackgroundTasksService': Shutdown of thread pool completed. Threads aborted.


----------------------------------------
