----------------------------------------
Timestamp: 25-06-2019 10:42:45

Message: Shutting down threadpool...


----------------------------------------
----------------------------------------
Timestamp: 25-06-2019 10:42:45

Message: Thread pool 'BackgroundTasksService': Shutdown of thread pool completed. All currently running threads will finish their work and stop.


----------------------------------------
----------------------------------------
Timestamp: 25-06-2019 10:42:45

Message: WorkerThread is shut down


----------------------------------------
----------------------------------------
Timestamp: 25-06-2019 10:42:45

Message: WorkerThread is shut down


----------------------------------------
----------------------------------------
Timestamp: 25-06-2019 10:42:46

Message: WorkerThread is shut down


----------------------------------------
----------------------------------------
Timestamp: 25-06-2019 10:42:46

Message: WorkerThread is shut down


----------------------------------------
----------------------------------------
Timestamp: 25-06-2019 10:42:46

Message: WorkerThread is shut down


----------------------------------------
----------------------------------------
Timestamp: 25-06-2019 10:42:46

Message: WorkerThread is shut down


----------------------------------------
----------------------------------------
Timestamp: 25-06-2019 10:42:46

Message: WorkerThread is shut down


----------------------------------------
----------------------------------------
Timestamp: 25-06-2019 10:42:46

Message: WorkerThread is shut down


----------------------------------------
----------------------------------------
Timestamp: 25-06-2019 10:42:46

Message: Background task scheduler shut down


----------------------------------------
----------------------------------------
Timestamp: 25-06-2019 10:43:15

Message: Shutting down threadpool...


----------------------------------------
----------------------------------------
Timestamp: 25-06-2019 10:43:15

Message: Thread pool 'BackgroundTasksService': Shutdown of thread pool completed. Threads aborted.


----------------------------------------
----------------------------------------
Timestamp: 26-06-2019 07:04:54

Message: Shutting down threadpool...


----------------------------------------
----------------------------------------
Timestamp: 26-06-2019 07:04:54

Message: Thread pool 'BackgroundTasksService': Shutdown of thread pool completed. All currently running threads will finish their work and stop.


----------------------------------------
----------------------------------------
Timestamp: 26-06-2019 07:04:54

Message: Background task scheduler shut down


----------------------------------------
----------------------------------------
Timestamp: 26-06-2019 07:04:54

Message: WorkerThread is shut down


----------------------------------------
----------------------------------------
Timestamp: 26-06-2019 07:04:54

Message: WorkerThread is shut down


----------------------------------------
----------------------------------------
Timestamp: 26-06-2019 07:04:54

Message: WorkerThread is shut down


----------------------------------------
----------------------------------------
Timestamp: 26-06-2019 07:04:54

Message: WorkerThread is shut down


----------------------------------------
----------------------------------------
Timestamp: 26-06-2019 07:04:54

Message: WorkerThread is shut down


----------------------------------------
----------------------------------------
Timestamp: 26-06-2019 07:04:54

Message: WorkerThread is shut down


----------------------------------------
----------------------------------------
Timestamp: 26-06-2019 07:04:54

Message: WorkerThread is shut down


----------------------------------------
----------------------------------------
Timestamp: 26-06-2019 07:04:54

Message: WorkerThread is shut down


----------------------------------------
----------------------------------------
Timestamp: 26-06-2019 07:05:24

Message: Shutting down threadpool...


----------------------------------------
----------------------------------------
Timestamp: 26-06-2019 07:05:24

Message: Thread pool 'BackgroundTasksService': Shutdown of thread pool completed. Threads aborted.


----------------------------------------
