----------------------------------------
Timestamp: 18-06-2019 07:37:22

Message: Shutting down threadpool...


----------------------------------------
----------------------------------------
Timestamp: 18-06-2019 07:37:22

Message: Thread pool 'BackgroundTasksService': Shutdown of thread pool completed. All currently running threads will finish their work and stop.


----------------------------------------
----------------------------------------
Timestamp: 18-06-2019 07:37:22

Message: WorkerThread is shut down


----------------------------------------
----------------------------------------
Timestamp: 18-06-2019 07:37:22

Message: WorkerThread is shut down


----------------------------------------
----------------------------------------
Timestamp: 18-06-2019 07:37:22

Message: WorkerThread is shut down


----------------------------------------
----------------------------------------
Timestamp: 18-06-2019 07:37:22

Message: WorkerThread is shut down


----------------------------------------
----------------------------------------
Timestamp: 18-06-2019 07:37:22

Message: WorkerThread is shut down


----------------------------------------
----------------------------------------
Timestamp: 18-06-2019 07:37:22

Message: Background task scheduler shut down


----------------------------------------
----------------------------------------
Timestamp: 18-06-2019 07:37:23

Message: WorkerThread is shut down


----------------------------------------
----------------------------------------
Timestamp: 18-06-2019 07:37:23

Message: WorkerThread is shut down


----------------------------------------
----------------------------------------
Timestamp: 18-06-2019 07:37:23

Message: WorkerThread is shut down


----------------------------------------
----------------------------------------
Timestamp: 18-06-2019 07:37:52

Message: Shutting down threadpool...


----------------------------------------
----------------------------------------
Timestamp: 18-06-2019 07:37:52

Message: Thread pool 'BackgroundTasksService': Shutdown of thread pool completed. Threads aborted.


----------------------------------------
