----------------------------------------
Timestamp: 30-09-2019 02:22:04

Message: Shutting down threadpool...


----------------------------------------
----------------------------------------
Timestamp: 30-09-2019 02:22:04

Message: Thread pool 'BackgroundTasksService': Shutdown of thread pool completed. All currently running threads will finish their work and stop.


----------------------------------------
----------------------------------------
Timestamp: 30-09-2019 02:22:04

Message: WorkerThread is shut down


----------------------------------------
----------------------------------------
Timestamp: 30-09-2019 02:22:04

Message: WorkerThread is shut down


----------------------------------------
----------------------------------------
Timestamp: 30-09-2019 02:22:04

Message: WorkerThread is shut down


----------------------------------------
----------------------------------------
Timestamp: 30-09-2019 02:22:04

Message: Background task scheduler shut down


----------------------------------------
----------------------------------------
Timestamp: 30-09-2019 02:22:04

Message: WorkerThread is shut down


----------------------------------------
----------------------------------------
Timestamp: 30-09-2019 02:22:04

Message: WorkerThread is shut down


----------------------------------------
----------------------------------------
Timestamp: 30-09-2019 02:22:04

Message: WorkerThread is shut down


----------------------------------------
----------------------------------------
Timestamp: 30-09-2019 02:22:04

Message: WorkerThread is shut down


----------------------------------------
----------------------------------------
Timestamp: 30-09-2019 02:22:04

Message: WorkerThread is shut down


----------------------------------------
----------------------------------------
Timestamp: 30-09-2019 02:22:34

Message: Shutting down threadpool...


----------------------------------------
----------------------------------------
Timestamp: 30-09-2019 02:22:34

Message: Thread pool 'BackgroundTasksService': Shutdown of thread pool completed. Threads aborted.


----------------------------------------
